time=2025-07-25T12:24:41.582+01:00 level=INFO msg="checking for pulumi" path="/Users/dan/Library/Application Support/sst/bin/pulumi"
time=2025-07-25T12:24:41.907+01:00 level=INFO msg="checking for bun" path="/Users/dan/Library/Application Support/sst/bin/bun"
time=2025-07-25T12:24:41.937+01:00 level=INFO msg="initializing project" version=3.17.10
time=2025-07-25T12:24:41.938+01:00 level=INFO msg="esbuild building" out=/Users/dan/code/cubitts/shopify-pos-22july/server/.sst/platform/sst.config.1753442681937.mjs
time=2025-07-25T12:24:41.946+01:00 level=INFO msg="esbuild built" outfile=/Users/dan/code/cubitts/shopify-pos-22july/server/.sst/platform/sst.config.1753442681937.mjs
time=2025-07-25T12:24:41.947+01:00 level=INFO msg="evaluating config"
time=2025-07-25T12:24:41.981+01:00 level=INFO msg="config evaluated"
time=2025-07-25T12:24:41.982+01:00 level=INFO msg="checking platform"
time=2025-07-25T12:24:41.982+01:00 level=INFO msg="loading home"
time=2025-07-25T12:24:42.535+01:00 level=INFO msg="aws credentials found" region=eu-west-1 profile=dev-daniel.AWSAdministratorAccess
time=2025-07-25T12:24:42.535+01:00 level=INFO msg="fetching bootstrap"
time=2025-07-25T12:24:42.658+01:00 level=INFO msg="found existing bootstrap" data="{\"version\":5,\"asset\":\"sst-asset-wesotwkukcmf\",\"assetEcrRegistryId\":\"307946674957\",\"assetEcrUrl\":\"307946674957.dkr.ecr.eu-west-1.amazonaws.com/sst-asset\",\"state\":\"sst-state-wesotwkukcmf\",\"appsyncHttp\":\"\",\"appsyncRealtime\":\"\"}"
time=2025-07-25T12:24:42.658+01:00 level=INFO msg="loaded config" app=shopify-pos-server stage=dan
time=2025-07-25T12:24:42.659+01:00 level=INFO msg="initializing ui" isTTY=true
time=2025-07-25T12:24:42.660+01:00 level=INFO msg="server port assigned" port=13557
time=2025-07-25T12:24:42.660+01:00 level=INFO msg=starting service=server
time=2025-07-25T12:24:42.660+01:00 level=INFO msg="running stack command" service=project.run cmd=deploy
time=2025-07-25T12:24:42.660+01:00 level=INFO msg="INFO locking app=shopify-pos-server stage=dan"
time=2025-07-25T12:24:42.660+01:00 level=INFO msg="INFO getting data key=lock app=shopify-pos-server stage=dan"
time=2025-07-25T12:24:42.660+01:00 level=INFO msg=server service=server addr=0.0.0.0:13557
time=2025-07-25T12:24:42.839+01:00 level=INFO msg="INFO putting update app=shopify-pos-server stage=dan"
time=2025-07-25T12:24:42.927+01:00 level=INFO msg="INFO getting passphrase app=shopify-pos-server stage=dan"
time=2025-07-25T12:24:43.042+01:00 level=INFO msg="INFO pulling state app=shopify-pos-server stage=dan out=/Users/dan/code/cubitts/shopify-pos-22july/server/.sst/pulumi/fe67beabf8db514f3e5a9b18/.pulumi/stacks/shopify-pos-server/dan.json"
time=2025-07-25T12:24:43.367+01:00 level=INFO msg="got previous deployment" service=project.run updateID=fe67beabf8db514f3e5a9b18
time=2025-07-25T12:24:43.367+01:00 level=INFO msg="esbuild building" out=/Users/dan/code/cubitts/shopify-pos-22july/server/.sst/platform/sst.config.1753442683042.mjs
time=2025-07-25T12:24:43.397+01:00 level=INFO msg="esbuild built" outfile=/Users/dan/code/cubitts/shopify-pos-22july/server/.sst/platform/sst.config.1753442683042.mjs
time=2025-07-25T12:24:43.403+01:00 level=INFO msg="built sst.config.ts" service=project.run updateID=fe67beabf8db514f3e5a9b18 to=/Users/dan/code/cubitts/shopify-pos-22july/server/.sst/platform/sst.config.1753442683042.mjs
time=2025-07-25T12:24:43.406+01:00 level=INFO msg="tracked files" service=project.run updateID=fe67beabf8db514f3e5a9b18
time=2025-07-25T12:24:43.406+01:00 level=INFO msg="INFO getting data key=secret app=shopify-pos-server stage=_fallback"
time=2025-07-25T12:24:43.406+01:00 level=INFO msg="INFO getting data key=secret app=shopify-pos-server stage=dan"
time=2025-07-25T12:24:43.496+01:00 level=INFO msg="starting pulumi" service=project.run updateID=fe67beabf8db514f3e5a9b18 args="[/Users/dan/Library/Application Support/sst/bin/pulumi up --yes -f --stack organization/shopify-pos-server/dan --non-interactive --event-log /Users/dan/code/cubitts/shopify-pos-22july/server/.sst/pulumi/fe67beabf8db514f3e5a9b18/eventlog.json --config aws:defaultTags={\"tags\":{\"sst:app\":\"shopify-pos-server\",\"sst:stage\":\"dan\"}} --config aws:region=eu-west-1]"
time=2025-07-25T12:24:48.497+01:00 level=INFO msg="INFO pushing partial state updateID=fe67beabf8db514f3e5a9b18"
time=2025-07-25T12:24:49.331+01:00 level=INFO msg="rpc request" method=POST url=/rpc
time=2025-07-25T12:24:49.453+01:00 level=INFO msg="INFO pushing partial state updateID=fe67beabf8db514f3e5a9b18"
time=2025-07-25T12:24:49.756+01:00 level=INFO msg="INFO pushing partial state updateID=fe67beabf8db514f3e5a9b18"
time=2025-07-25T12:24:50.159+01:00 level=INFO msg="INFO pushing partial state updateID=fe67beabf8db514f3e5a9b18"
time=2025-07-25T12:24:50.460+01:00 level=INFO msg="INFO pushing partial state updateID=fe67beabf8db514f3e5a9b18"
time=2025-07-25T12:24:50.613+01:00 level=INFO msg="INFO pushing partial state updateID=fe67beabf8db514f3e5a9b18"
time=2025-07-25T12:25:32.463+01:00 level=INFO msg="INFO pushing partial state updateID=fe67beabf8db514f3e5a9b18"
time=2025-07-25T12:25:32.664+01:00 level=INFO msg="INFO pushing partial state updateID=fe67beabf8db514f3e5a9b18"
time=2025-07-25T12:28:02.511+01:00 level=INFO msg="INFO pushing partial state updateID=fe67beabf8db514f3e5a9b18"
time=2025-07-25T12:28:02.707+01:00 level=INFO msg="INFO pushing partial state updateID=fe67beabf8db514f3e5a9b18"
time=2025-07-25T12:28:02.866+01:00 level=INFO msg="INFO pushing partial state updateID=fe67beabf8db514f3e5a9b18"
time=2025-07-25T12:28:11.278+01:00 level=INFO msg="INFO pushing partial state updateID=fe67beabf8db514f3e5a9b18"
time=2025-07-25T12:28:11.983+01:00 level=INFO msg="INFO pushing partial state updateID=fe67beabf8db514f3e5a9b18"
time=2025-07-25T12:28:12.489+01:00 level=INFO msg="INFO pushing partial state updateID=fe67beabf8db514f3e5a9b18"
time=2025-07-25T12:28:12.519+01:00 level=INFO msg="pulumi exited" service=project.run updateID=fe67beabf8db514f3e5a9b18 err=<nil>
time=2025-07-25T12:28:12.519+01:00 level=INFO msg="eof and exited" service=project.run updateID=fe67beabf8db514f3e5a9b18 eofs=0
time=2025-07-25T12:28:12.519+01:00 level=INFO msg="eof and exited" service=project.run updateID=fe67beabf8db514f3e5a9b18 eofs=1
time=2025-07-25T12:28:12.519+01:00 level=INFO msg="breaking out of tail loop" service=project.run updateID=fe67beabf8db514f3e5a9b18
time=2025-07-25T12:28:12.519+01:00 level=INFO msg="parsing state" service=project.run updateID=fe67beabf8db514f3e5a9b18
time=2025-07-25T12:28:12.666+01:00 level=INFO msg="generating types" root=/Users/dan/code/cubitts/shopify-pos-22july/server
time=2025-07-25T12:28:12.669+01:00 level=INFO msg="canceling partial" service=project.run updateID=fe67beabf8db514f3e5a9b18
time=2025-07-25T12:28:12.669+01:00 level=INFO msg="waiting for partial to exit" service=project.run updateID=fe67beabf8db514f3e5a9b18
time=2025-07-25T12:28:12.716+01:00 level=INFO msg="INFO pushing partial state updateID=fe67beabf8db514f3e5a9b18"
time=2025-07-25T12:28:12.911+01:00 level=INFO msg="INFO pushing snapshot updateID=fe67beabf8db514f3e5a9b18"
time=2025-07-25T12:28:12.911+01:00 level=INFO msg="INFO pushing eventlog updateID=fe67beabf8db514f3e5a9b18"
time=2025-07-25T12:28:13.137+01:00 level=INFO msg="INFO putting update app=shopify-pos-server stage=dan"
time=2025-07-25T12:28:13.233+01:00 level=INFO msg="done running stack command" service=project.run updateID=fe67beabf8db514f3e5a9b18 resources=43
time=2025-07-25T12:28:13.241+01:00 level=INFO msg="INFO unlocking app=shopify-pos-server stage=dan"
time=2025-07-25T12:28:13.334+01:00 level=INFO msg="shutting down server" service=server
time=2025-07-25T12:28:13.334+01:00 level=INFO msg="server done" service=server
